<?xml version="1.0" encoding="UTF-8"?>
<!-- Generated by org.testng.reporters.JUnitReportReporter -->
<testsuite skipped="0" hostname="Riz-Laptop" name="regression.LoginPage" tests="4" failures="0" timestamp="2021-05-11T06:00:21 EDT" time="3.921" errors="0">
  <testcase name="userClicksOnSignIn" time="1.068" classname="regression.LoginPage"/>
  <system-out/>
  <testcase name="userEntersCredentials" time="1.381" classname="regression.LoginPage"/>
  <system-out/>
  <testcase name="verifyHomePage" time="0.009" classname="regression.LoginPage"/>
  <system-out/>
  <testcase name="userSignsOut" time="1.463" classname="regression.LoginPage"/>
  <system-out/>
</testsuite> <!-- regression.LoginPage -->
