<?xml version="1.0" encoding="UTF-8"?>
<!-- Generated by org.testng.reporters.JUnitReportReporter -->
<testsuite skipped="0" hostname="Riz-Laptop" name="regression.LoginPageTestCases" tests="2" failures="0" timestamp="2021-05-11T03:24:20 EDT" time="6.780" errors="0">
  <testcase name="userClickOnSignIn" time="1.979" classname="regression.LoginPageTestCases"/>
  <system-out/>
  <testcase name="userEntersCredentials" time="4.801" classname="regression.LoginPageTestCases"/>
  <system-out/>
</testsuite> <!-- regression.LoginPageTestCases -->
