<?xml version="1.0" encoding="UTF-8"?>
<!-- Generated by org.testng.reporters.JUnitReportReporter -->
<testsuite hostname="Riz-Laptop" name="com.regression.test.LoginPage" tests="1" failures="0" timestamp="19 May 2021 18:03:34 GMT" time="1.762" errors="0">
  <testcase name="verifyCountOfOffice" time="1.762" classname="com.regression.test.LoginPage"/>
</testsuite> <!-- com.regression.test.LoginPage -->
